<?xml version="1.0" encoding="UTF-8"?>
<testsuite xmlns:xsi="http://www.w3.org/2001/XMLSchema-instance" xsi:noNamespaceSchemaLocation="https://maven.apache.org/surefire/maven-surefire-plugin/xsd/surefire-test-report-3.0.xsd" version="3.0" name="com.mycompany.test.queue.QueueTest" time="0.081" tests="2" errors="0" skipped="0" failures="0">
  <properties>
[...]
</properties>
  <testcase name="testEnqueueDequeue" classname="com.mycompany.test.queue.QueueTest" time="0.042">
    <system-out><![CDATA[[ENQUEUE] 800-TEST (size: 1)
[ENQUEUE] 900-CALL (size: 2)
[DEQUEUE] 800-TEST (size: 1)
]]></system-out>
  </testcase>
  <testcase name="testCapacityLimit" classname="com.mycompany.test.queue.QueueTest" time="0.002">
    <system-out><![CDATA[[ENQUEUE] 800-TEST (size: 1)
]]></system-out>
  </testcase>
</testsuite>